# JRE version: OpenJDK Runtime Environment Temurin-17.0.8.1+1 (17.0.8.1+1) (build 17.0.8.1+1)
# Java VM: OpenJDK 64-Bit Server VM Temurin-17.0.8.1+1 (17.0.8.1+1, mixed mode, sharing, tiered, compressed oops, compressed class ptrs, g1 gc, windows-amd64)
GC Precious Log:
 CPUs: 22 total, 22 available
 Memory: 32265M
 Large Page Support: Disabled
 NUMA Support: Disabled
 Compressed Oops: Enabled (Zero based)
 Heap Region Size: 4M
 Heap Min Capacity: 8M
 Heap Initial Capacity: 508M
 Heap Max Capacity: 8068M
 Pre-touch: Disabled
 Parallel Workers: 16
 Concurrent Workers: 4
 Concurrent Refinement Workers: 16
 Periodic GC: Disabled
Heap:
 garbage-first heap   total 520192K, used 84504K [0x0000000607c00000, 0x0000000800000000)
  region size 4096K, 3 young (12288K), 1 survivors (4096K)
 Metaspace       used 19313K, committed 19584K, reserved 1114112K
  class space    used 1602K, committed 1728K, reserved 1048576K
GC Heap History (20 events):
Event: 861.481 GC heap before
{Heap before GC invocations=37 (full 0):
 garbage-first heap   total 520192K, used 378412K [0x0000000607c00000, 0x0000000800000000)
  region size 4096K, 39 young (159744K), 1 survivors (4096K)
 Metaspace       used 19309K, committed 19520K, reserved 1114112K
  class space    used 1602K, committed 1728K, reserved 1048576K
}
Event: 861.483 GC heap after
{Heap after GC invocations=38 (full 0):
 garbage-first heap   total 520192K, used 72108K [0x0000000607c00000, 0x0000000800000000)
  region size 4096K, 1 young (4096K), 1 survivors (4096K)
 Metaspace       used 19309K, committed 19520K, reserved 1114112K
  class space    used 1602K, committed 1728K, reserved 1048576K
}
Event: 866.873 GC heap before
{Heap before GC invocations=38 (full 0):
 garbage-first heap   total 520192K, used 387500K [0x0000000607c00000, 0x0000000800000000)
  region size 4096K, 76 young (311296K), 1 survivors (4096K)
 Metaspace       used 19309K, committed 19520K, reserved 1114112K
  class space    used 1602K, committed 1728K, reserved 1048576K
}
Event: 866.876 GC heap after
{Heap after GC invocations=39 (full 0):
 garbage-first heap   total 520192K, used 80480K [0x0000000607c00000, 0x0000000800000000)
  region size 4096K, 1 young (4096K), 1 survivors (4096K)
 Metaspace       used 19309K, committed 19520K, reserved 1114112K
  class space    used 1602K, committed 1728K, reserved 1048576K
}
Event: 872.524 GC heap before
{Heap before GC invocations=39 (full 0):
 garbage-first heap   total 520192K, used 387680K [0x0000000607c00000, 0x0000000800000000)
  region size 4096K, 76 young (311296K), 1 survivors (4096K)
 Metaspace       used 19309K, committed 19520K, reserved 1114112K
  class space    used 1602K, committed 1728K, reserved 1048576K
}
Event: 872.526 GC heap after
{Heap after GC invocations=40 (full 0):
 garbage-first heap   total 520192K, used 80482K [0x0000000607c00000, 0x0000000800000000)
  region size 4096K, 1 young (4096K), 1 survivors (4096K)
 Metaspace       used 19309K, committed 19520K, reserved 1114112K
  class space    used 1602K, committed 1728K, reserved 1048576K
}
Event: 878.193 GC heap before
{Heap before GC invocations=40 (full 0):
 garbage-first heap   total 520192K, used 387682K [0x0000000607c00000, 0x0000000800000000)
  region size 4096K, 76 young (311296K), 1 survivors (4096K)
 Metaspace       used 19309K, committed 19520K, reserved 1114112K
  class space    used 1602K, committed 1728K, reserved 1048576K
}
Event: 878.195 GC heap after
{Heap after GC invocations=41 (full 0):
 garbage-first heap   total 520192K, used 80261K [0x0000000607c00000, 0x0000000800000000)
  region size 4096K, 1 young (4096K), 1 survivors (4096K)
 Metaspace       used 19309K, committed 19520K, reserved 1114112K
  class space    used 1602K, committed 1728K, reserved 1048576K
}
Event: 883.886 GC heap before
{Heap before GC invocations=41 (full 0):
 garbage-first heap   total 520192K, used 387461K [0x0000000607c00000, 0x0000000800000000)
  region size 4096K, 76 young (311296K), 1 survivors (4096K)
 Metaspace       used 19309K, committed 19520K, reserved 1114112K
  class space    used 1602K, committed 1728K, reserved 1048576K
}
Event: 883.888 GC heap after
{Heap after GC invocations=42 (full 0):
 garbage-first heap   total 520192K, used 80029K [0x0000000607c00000, 0x0000000800000000)
  region size 4096K, 1 young (4096K), 1 survivors (4096K)
 Metaspace       used 19309K, committed 19520K, reserved 1114112K
  class space    used 1602K, committed 1728K, reserved 1048576K
}
Event: 889.212 GC heap before
{Heap before GC invocations=42 (full 0):
 garbage-first heap   total 520192K, used 387229K [0x0000000607c00000, 0x0000000800000000)
  region size 4096K, 76 young (311296K), 1 survivors (4096K)
 Metaspace       used 19309K, committed 19520K, reserved 1114112K
  class space    used 1602K, committed 1728K, reserved 1048576K
}
Event: 889.214 GC heap after
{Heap after GC invocations=43 (full 0):
 garbage-first heap   total 520192K, used 80431K [0x0000000607c00000, 0x0000000800000000)
  region size 4096K, 1 young (4096K), 1 survivors (4096K)
 Metaspace       used 19309K, committed 19520K, reserved 1114112K
  class space    used 1602K, committed 1728K, reserved 1048576K
}
Event: 893.970 GC heap before
{Heap before GC invocations=43 (full 0):
 garbage-first heap   total 520192K, used 387631K [0x0000000607c00000, 0x0000000800000000)
  region size 4096K, 76 young (311296K), 1 survivors (4096K)
 Metaspace       used 19310K, committed 19520K, reserved 1114112K
  class space    used 1602K, committed 1728K, reserved 1048576K
}
Event: 893.972 GC heap after
{Heap after GC invocations=44 (full 0):
 garbage-first heap   total 520192K, used 80472K [0x0000000607c00000, 0x0000000800000000)
  region size 4096K, 1 young (4096K), 1 survivors (4096K)
 Metaspace       used 19310K, committed 19520K, reserved 1114112K
  class space    used 1602K, committed 1728K, reserved 1048576K
}
Event: 898.879 GC heap before
{Heap before GC invocations=44 (full 0):
 garbage-first heap   total 520192K, used 387672K [0x0000000607c00000, 0x0000000800000000)
  region size 4096K, 76 young (311296K), 1 survivors (4096K)
 Metaspace       used 19312K, committed 19520K, reserved 1114112K
  class space    used 1602K, committed 1728K, reserved 1048576K
}
Event: 898.881 GC heap after
{Heap after GC invocations=45 (full 0):
 garbage-first heap   total 520192K, used 80214K [0x0000000607c00000, 0x0000000800000000)
  region size 4096K, 1 young (4096K), 1 survivors (4096K)
 Metaspace       used 19312K, committed 19520K, reserved 1114112K
  class space    used 1602K, committed 1728K, reserved 1048576K
}
Event: 903.559 GC heap before
{Heap before GC invocations=45 (full 0):
 garbage-first heap   total 520192K, used 387414K [0x0000000607c00000, 0x0000000800000000)
  region size 4096K, 76 young (311296K), 1 survivors (4096K)
 Metaspace       used 19312K, committed 19520K, reserved 1114112K
  class space    used 1602K, committed 1728K, reserved 1048576K
}
Event: 903.561 GC heap after
{Heap after GC invocations=46 (full 0):
 garbage-first heap   total 520192K, used 80436K [0x0000000607c00000, 0x0000000800000000)
  region size 4096K, 1 young (4096K), 1 survivors (4096K)
 Metaspace       used 19312K, committed 19520K, reserved 1114112K
  class space    used 1602K, committed 1728K, reserved 1048576K
}
Event: 908.246 GC heap before
{Heap before GC invocations=46 (full 0):
 garbage-first heap   total 520192K, used 387636K [0x0000000607c00000, 0x0000000800000000)
  region size 4096K, 76 young (311296K), 1 survivors (4096K)
 Metaspace       used 19313K, committed 19584K, reserved 1114112K
  class space    used 1602K, committed 1728K, reserved 1048576K
}
Event: 908.248 GC heap after
{Heap after GC invocations=47 (full 0):
 garbage-first heap   total 520192K, used 80408K [0x0000000607c00000, 0x0000000800000000)
  region size 4096K, 1 young (4096K), 1 survivors (4096K)
 Metaspace       used 19313K, committed 19584K, reserved 1114112K
  class space    used 1602K, committed 1728K, reserved 1048576K
}

