# JRE version: OpenJDK Runtime Environment Temurin-17.0.8.1+1 (17.0.8.1+1) (build 17.0.8.1+1)
# Java VM: OpenJDK 64-Bit Server VM Temurin-17.0.8.1+1 (17.0.8.1+1, mixed mode, sharing, tiered, compressed oops, compressed class ptrs, g1 gc, windows-amd64)
GC Precious Log:
 CPUs: 22 total, 22 available
 Memory: 32265M
 Large Page Support: Disabled
 NUMA Support: Disabled
 Compressed Oops: Enabled (Zero based)
 Heap Region Size: 4M
 Heap Min Capacity: 8M
 Heap Initial Capacity: 508M
 Heap Max Capacity: 8068M
 Pre-touch: Disabled
 Parallel Workers: 16
 Concurrent Workers: 4
 Concurrent Refinement Workers: 16
 Periodic GC: Disabled
Heap:
 garbage-first heap   total 520192K, used 104324K [0x0000000607c00000, 0x0000000800000000)
  region size 4096K, 7 young (28672K), 1 survivors (4096K)
 Metaspace       used 19354K, committed 19584K, reserved 1114112K
  class space    used 1603K, committed 1728K, reserved 1048576K
GC Heap History (20 events):
Event: 2399.121 GC heap before
{Heap before GC invocations=748 (full 0):
 garbage-first heap   total 520192K, used 391401K [0x0000000607c00000, 0x0000000800000000)
  region size 4096K, 76 young (311296K), 1 survivors (4096K)
 Metaspace       used 19354K, committed 19584K, reserved 1114112K
  class space    used 1603K, committed 1728K, reserved 1048576K
}
Event: 2399.123 GC heap after
{Heap after GC invocations=749 (full 0):
 garbage-first heap   total 520192K, used 83975K [0x0000000607c00000, 0x0000000800000000)
  region size 4096K, 1 young (4096K), 1 survivors (4096K)
 Metaspace       used 19354K, committed 19584K, reserved 1114112K
  class space    used 1603K, committed 1728K, reserved 1048576K
}
Event: 2400.117 GC heap before
{Heap before GC invocations=749 (full 0):
 garbage-first heap   total 520192K, used 391175K [0x0000000607c00000, 0x0000000800000000)
  region size 4096K, 76 young (311296K), 1 survivors (4096K)
 Metaspace       used 19354K, committed 19584K, reserved 1114112K
  class space    used 1603K, committed 1728K, reserved 1048576K
}
Event: 2400.119 GC heap after
{Heap after GC invocations=750 (full 0):
 garbage-first heap   total 520192K, used 85043K [0x0000000607c00000, 0x0000000800000000)
  region size 4096K, 1 young (4096K), 1 survivors (4096K)
 Metaspace       used 19354K, committed 19584K, reserved 1114112K
  class space    used 1603K, committed 1728K, reserved 1048576K
}
Event: 2401.127 GC heap before
{Heap before GC invocations=750 (full 0):
 garbage-first heap   total 520192K, used 392243K [0x0000000607c00000, 0x0000000800000000)
  region size 4096K, 76 young (311296K), 1 survivors (4096K)
 Metaspace       used 19354K, committed 19584K, reserved 1114112K
  class space    used 1603K, committed 1728K, reserved 1048576K
}
Event: 2401.128 GC heap after
{Heap after GC invocations=751 (full 0):
 garbage-first heap   total 520192K, used 84126K [0x0000000607c00000, 0x0000000800000000)
  region size 4096K, 1 young (4096K), 1 survivors (4096K)
 Metaspace       used 19354K, committed 19584K, reserved 1114112K
  class space    used 1603K, committed 1728K, reserved 1048576K
}
Event: 2402.111 GC heap before
{Heap before GC invocations=751 (full 0):
 garbage-first heap   total 520192K, used 391326K [0x0000000607c00000, 0x0000000800000000)
  region size 4096K, 76 young (311296K), 1 survivors (4096K)
 Metaspace       used 19354K, committed 19584K, reserved 1114112K
  class space    used 1603K, committed 1728K, reserved 1048576K
}
Event: 2402.115 GC heap after
{Heap after GC invocations=752 (full 0):
 garbage-first heap   total 520192K, used 86177K [0x0000000607c00000, 0x0000000800000000)
  region size 4096K, 2 young (8192K), 2 survivors (8192K)
 Metaspace       used 19354K, committed 19584K, reserved 1114112K
  class space    used 1603K, committed 1728K, reserved 1048576K
}
Event: 2403.117 GC heap before
{Heap before GC invocations=752 (full 0):
 garbage-first heap   total 520192K, used 389281K [0x0000000607c00000, 0x0000000800000000)
  region size 4096K, 76 young (311296K), 2 survivors (8192K)
 Metaspace       used 19354K, committed 19584K, reserved 1114112K
  class space    used 1603K, committed 1728K, reserved 1048576K
}
Event: 2403.119 GC heap after
{Heap after GC invocations=753 (full 0):
 garbage-first heap   total 520192K, used 83889K [0x0000000607c00000, 0x0000000800000000)
  region size 4096K, 1 young (4096K), 1 survivors (4096K)
 Metaspace       used 19354K, committed 19584K, reserved 1114112K
  class space    used 1603K, committed 1728K, reserved 1048576K
}
Event: 2404.088 GC heap before
{Heap before GC invocations=753 (full 0):
 garbage-first heap   total 520192K, used 391089K [0x0000000607c00000, 0x0000000800000000)
  region size 4096K, 76 young (311296K), 1 survivors (4096K)
 Metaspace       used 19354K, committed 19584K, reserved 1114112K
  class space    used 1603K, committed 1728K, reserved 1048576K
}
Event: 2404.091 GC heap after
{Heap after GC invocations=754 (full 0):
 garbage-first heap   total 520192K, used 84939K [0x0000000607c00000, 0x0000000800000000)
  region size 4096K, 1 young (4096K), 1 survivors (4096K)
 Metaspace       used 19354K, committed 19584K, reserved 1114112K
  class space    used 1603K, committed 1728K, reserved 1048576K
}
Event: 2405.053 GC heap before
{Heap before GC invocations=754 (full 0):
 garbage-first heap   total 520192K, used 392139K [0x0000000607c00000, 0x0000000800000000)
  region size 4096K, 76 young (311296K), 1 survivors (4096K)
 Metaspace       used 19354K, committed 19584K, reserved 1114112K
  class space    used 1603K, committed 1728K, reserved 1048576K
}
Event: 2405.054 GC heap after
{Heap after GC invocations=755 (full 0):
 garbage-first heap   total 520192K, used 83936K [0x0000000607c00000, 0x0000000800000000)
  region size 4096K, 1 young (4096K), 1 survivors (4096K)
 Metaspace       used 19354K, committed 19584K, reserved 1114112K
  class space    used 1603K, committed 1728K, reserved 1048576K
}
Event: 2406.002 GC heap before
{Heap before GC invocations=755 (full 0):
 garbage-first heap   total 520192K, used 391136K [0x0000000607c00000, 0x0000000800000000)
  region size 4096K, 76 young (311296K), 1 survivors (4096K)
 Metaspace       used 19354K, committed 19584K, reserved 1114112K
  class space    used 1603K, committed 1728K, reserved 1048576K
}
Event: 2406.004 GC heap after
{Heap after GC invocations=756 (full 0):
 garbage-first heap   total 520192K, used 83825K [0x0000000607c00000, 0x0000000800000000)
  region size 4096K, 1 young (4096K), 1 survivors (4096K)
 Metaspace       used 19354K, committed 19584K, reserved 1114112K
  class space    used 1603K, committed 1728K, reserved 1048576K
}
Event: 2406.989 GC heap before
{Heap before GC invocations=756 (full 0):
 garbage-first heap   total 520192K, used 391025K [0x0000000607c00000, 0x0000000800000000)
  region size 4096K, 76 young (311296K), 1 survivors (4096K)
 Metaspace       used 19354K, committed 19584K, reserved 1114112K
  class space    used 1603K, committed 1728K, reserved 1048576K
}
Event: 2406.992 GC heap after
{Heap after GC invocations=757 (full 0):
 garbage-first heap   total 520192K, used 84986K [0x0000000607c00000, 0x0000000800000000)
  region size 4096K, 1 young (4096K), 1 survivors (4096K)
 Metaspace       used 19354K, committed 19584K, reserved 1114112K
  class space    used 1603K, committed 1728K, reserved 1048576K
}
Event: 2407.967 GC heap before
{Heap before GC invocations=757 (full 0):
 garbage-first heap   total 520192K, used 392186K [0x0000000607c00000, 0x0000000800000000)
  region size 4096K, 76 young (311296K), 1 survivors (4096K)
 Metaspace       used 19354K, committed 19584K, reserved 1114112K
  class space    used 1603K, committed 1728K, reserved 1048576K
}
Event: 2407.969 GC heap after
{Heap after GC invocations=758 (full 0):
 garbage-first heap   total 520192K, used 83844K [0x0000000607c00000, 0x0000000800000000)
  region size 4096K, 1 young (4096K), 1 survivors (4096K)
 Metaspace       used 19354K, committed 19584K, reserved 1114112K
  class space    used 1603K, committed 1728K, reserved 1048576K
}

