# JRE version: OpenJDK Runtime Environment Temurin-17.0.8.1+1 (17.0.8.1+1) (build 17.0.8.1+1)
# Java VM: OpenJDK 64-Bit Server VM Temurin-17.0.8.1+1 (17.0.8.1+1, mixed mode, sharing, tiered, compressed oops, compressed class ptrs, g1 gc, windows-amd64)
GC Precious Log:
 CPUs: 22 total, 22 available
 Memory: 32265M
 Large Page Support: Disabled
 NUMA Support: Disabled
 Compressed Oops: Enabled (Zero based)
 Heap Region Size: 4M
 Heap Min Capacity: 8M
 Heap Initial Capacity: 508M
 Heap Max Capacity: 8068M
 Pre-touch: Disabled
 Parallel Workers: 16
 Concurrent Workers: 4
 Concurrent Refinement Workers: 16
 Periodic GC: Disabled
Heap:
 garbage-first heap   total 753664K, used 84012K [0x0000000607c00000, 0x0000000800000000)
  region size 4096K, 6 young (24576K), 1 survivors (4096K)
 Metaspace       used 19415K, committed 19648K, reserved 1114112K
  class space    used 1599K, committed 1728K, reserved 1048576K
GC Heap History (20 events):
Event: 3951.625 GC heap before
{Heap before GC invocations=2955 (full 0):
 garbage-first heap   total 753664K, used 514116K [0x0000000607c00000, 0x0000000800000000)
  region size 4096K, 110 young (450560K), 1 survivors (4096K)
 Metaspace       used 19415K, committed 19648K, reserved 1114112K
  class space    used 1599K, committed 1728K, reserved 1048576K
}
Event: 3951.628 GC heap after
{Heap after GC invocations=2956 (full 0):
 garbage-first heap   total 753664K, used 66321K [0x0000000607c00000, 0x0000000800000000)
  region size 4096K, 1 young (4096K), 1 survivors (4096K)
 Metaspace       used 19415K, committed 19648K, reserved 1114112K
  class space    used 1599K, committed 1728K, reserved 1048576K
}
Event: 3953.054 GC heap before
{Heap before GC invocations=2956 (full 0):
 garbage-first heap   total 753664K, used 512785K [0x0000000607c00000, 0x0000000800000000)
  region size 4096K, 110 young (450560K), 1 survivors (4096K)
 Metaspace       used 19415K, committed 19648K, reserved 1114112K
  class space    used 1599K, committed 1728K, reserved 1048576K
}
Event: 3953.057 GC heap after
{Heap after GC invocations=2957 (full 0):
 garbage-first heap   total 753664K, used 66191K [0x0000000607c00000, 0x0000000800000000)
  region size 4096K, 1 young (4096K), 1 survivors (4096K)
 Metaspace       used 19415K, committed 19648K, reserved 1114112K
  class space    used 1599K, committed 1728K, reserved 1048576K
}
Event: 3954.511 GC heap before
{Heap before GC invocations=2957 (full 0):
 garbage-first heap   total 753664K, used 512655K [0x0000000607c00000, 0x0000000800000000)
  region size 4096K, 110 young (450560K), 1 survivors (4096K)
 Metaspace       used 19415K, committed 19648K, reserved 1114112K
  class space    used 1599K, committed 1728K, reserved 1048576K
}
Event: 3954.513 GC heap after
{Heap after GC invocations=2958 (full 0):
 garbage-first heap   total 753664K, used 65527K [0x0000000607c00000, 0x0000000800000000)
  region size 4096K, 1 young (4096K), 1 survivors (4096K)
 Metaspace       used 19415K, committed 19648K, reserved 1114112K
  class space    used 1599K, committed 1728K, reserved 1048576K
}
Event: 3955.927 GC heap before
{Heap before GC invocations=2958 (full 0):
 garbage-first heap   total 753664K, used 511991K [0x0000000607c00000, 0x0000000800000000)
  region size 4096K, 110 young (450560K), 1 survivors (4096K)
 Metaspace       used 19415K, committed 19648K, reserved 1114112K
  class space    used 1599K, committed 1728K, reserved 1048576K
}
Event: 3955.931 GC heap after
{Heap after GC invocations=2959 (full 0):
 garbage-first heap   total 753664K, used 66238K [0x0000000607c00000, 0x0000000800000000)
  region size 4096K, 1 young (4096K), 1 survivors (4096K)
 Metaspace       used 19415K, committed 19648K, reserved 1114112K
  class space    used 1599K, committed 1728K, reserved 1048576K
}
Event: 3957.336 GC heap before
{Heap before GC invocations=2959 (full 0):
 garbage-first heap   total 753664K, used 512702K [0x0000000607c00000, 0x0000000800000000)
  region size 4096K, 110 young (450560K), 1 survivors (4096K)
 Metaspace       used 19415K, committed 19648K, reserved 1114112K
  class space    used 1599K, committed 1728K, reserved 1048576K
}
Event: 3957.339 GC heap after
{Heap after GC invocations=2960 (full 0):
 garbage-first heap   total 753664K, used 67228K [0x0000000607c00000, 0x0000000800000000)
  region size 4096K, 1 young (4096K), 1 survivors (4096K)
 Metaspace       used 19415K, committed 19648K, reserved 1114112K
  class space    used 1599K, committed 1728K, reserved 1048576K
}
Event: 3958.735 GC heap before
{Heap before GC invocations=2960 (full 0):
 garbage-first heap   total 753664K, used 513692K [0x0000000607c00000, 0x0000000800000000)
  region size 4096K, 110 young (450560K), 1 survivors (4096K)
 Metaspace       used 19415K, committed 19648K, reserved 1114112K
  class space    used 1599K, committed 1728K, reserved 1048576K
}
Event: 3958.741 GC heap after
{Heap after GC invocations=2961 (full 0):
 garbage-first heap   total 753664K, used 69667K [0x0000000607c00000, 0x0000000800000000)
  region size 4096K, 2 young (8192K), 2 survivors (8192K)
 Metaspace       used 19415K, committed 19648K, reserved 1114112K
  class space    used 1599K, committed 1728K, reserved 1048576K
}
Event: 3960.110 GC heap before
{Heap before GC invocations=2961 (full 0):
 garbage-first heap   total 753664K, used 512035K [0x0000000607c00000, 0x0000000800000000)
  region size 4096K, 110 young (450560K), 2 survivors (8192K)
 Metaspace       used 19415K, committed 19648K, reserved 1114112K
  class space    used 1599K, committed 1728K, reserved 1048576K
}
Event: 3960.116 GC heap after
{Heap after GC invocations=2962 (full 0):
 garbage-first heap   total 753664K, used 69756K [0x0000000607c00000, 0x0000000800000000)
  region size 4096K, 2 young (8192K), 2 survivors (8192K)
 Metaspace       used 19415K, committed 19648K, reserved 1114112K
  class space    used 1599K, committed 1728K, reserved 1048576K
}
Event: 3961.509 GC heap before
{Heap before GC invocations=2962 (full 0):
 garbage-first heap   total 753664K, used 512124K [0x0000000607c00000, 0x0000000800000000)
  region size 4096K, 110 young (450560K), 2 survivors (8192K)
 Metaspace       used 19415K, committed 19648K, reserved 1114112K
  class space    used 1599K, committed 1728K, reserved 1048576K
}
Event: 3961.514 GC heap after
{Heap after GC invocations=2963 (full 0):
 garbage-first heap   total 753664K, used 69610K [0x0000000607c00000, 0x0000000800000000)
  region size 4096K, 2 young (8192K), 2 survivors (8192K)
 Metaspace       used 19415K, committed 19648K, reserved 1114112K
  class space    used 1599K, committed 1728K, reserved 1048576K
}
Event: 3962.886 GC heap before
{Heap before GC invocations=2963 (full 0):
 garbage-first heap   total 753664K, used 511978K [0x0000000607c00000, 0x0000000800000000)
  region size 4096K, 110 young (450560K), 2 survivors (8192K)
 Metaspace       used 19415K, committed 19648K, reserved 1114112K
  class space    used 1599K, committed 1728K, reserved 1048576K
}
Event: 3962.891 GC heap after
{Heap after GC invocations=2964 (full 0):
 garbage-first heap   total 753664K, used 69754K [0x0000000607c00000, 0x0000000800000000)
  region size 4096K, 2 young (8192K), 2 survivors (8192K)
 Metaspace       used 19415K, committed 19648K, reserved 1114112K
  class space    used 1599K, committed 1728K, reserved 1048576K
}
Event: 3964.378 GC heap before
{Heap before GC invocations=2964 (full 0):
 garbage-first heap   total 753664K, used 512122K [0x0000000607c00000, 0x0000000800000000)
  region size 4096K, 110 young (450560K), 2 survivors (8192K)
 Metaspace       used 19415K, committed 19648K, reserved 1114112K
  class space    used 1599K, committed 1728K, reserved 1048576K
}
Event: 3964.381 GC heap after
{Heap after GC invocations=2965 (full 0):
 garbage-first heap   total 753664K, used 67628K [0x0000000607c00000, 0x0000000800000000)
  region size 4096K, 1 young (4096K), 1 survivors (4096K)
 Metaspace       used 19415K, committed 19648K, reserved 1114112K
  class space    used 1599K, committed 1728K, reserved 1048576K
}

