# JRE version: OpenJDK Runtime Environment Temurin-17.0.8.1+1 (17.0.8.1+1) (build 17.0.8.1+1)
# Java VM: OpenJDK 64-Bit Server VM Temurin-17.0.8.1+1 (17.0.8.1+1, mixed mode, sharing, tiered, compressed oops, compressed class ptrs, g1 gc, windows-amd64)
GC Precious Log:
 CPUs: 22 total, 22 available
 Memory: 32265M
 Large Page Support: Disabled
 NUMA Support: Disabled
 Compressed Oops: Enabled (Zero based)
 Heap Region Size: 4M
 Heap Min Capacity: 8M
 Heap Initial Capacity: 508M
 Heap Max Capacity: 8068M
 Pre-touch: Disabled
 Parallel Workers: 16
 Concurrent Workers: 4
 Concurrent Refinement Workers: 16
 Periodic GC: Disabled
Heap:
 garbage-first heap   total 753664K, used 397578K [0x0000000607c00000, 0x0000000800000000)
  region size 4096K, 56 young (229376K), 1 survivors (4096K)
 Metaspace       used 19368K, committed 19584K, reserved 1114112K
  class space    used 1602K, committed 1728K, reserved 1048576K
GC Heap History (20 events):
Event: 9108.209 GC heap before
{Heap before GC invocations=6318 (full 0):
 garbage-first heap   total 753664K, used 541443K [0x0000000607c00000, 0x0000000800000000)
  region size 4096K, 110 young (450560K), 1 survivors (4096K)
 Metaspace       used 19360K, committed 19584K, reserved 1114112K
  class space    used 1601K, committed 1728K, reserved 1048576K
}
Event: 9108.211 GC heap after
{Heap after GC invocations=6319 (full 0):
 garbage-first heap   total 753664K, used 94261K [0x0000000607c00000, 0x0000000800000000)
  region size 4096K, 1 young (4096K), 1 survivors (4096K)
 Metaspace       used 19360K, committed 19584K, reserved 1114112K
  class space    used 1601K, committed 1728K, reserved 1048576K
}
Event: 9111.661 GC heap before
{Heap before GC invocations=6319 (full 0):
 garbage-first heap   total 753664K, used 540725K [0x0000000607c00000, 0x0000000800000000)
  region size 4096K, 110 young (450560K), 1 survivors (4096K)
 Metaspace       used 19360K, committed 19584K, reserved 1114112K
  class space    used 1601K, committed 1728K, reserved 1048576K
}
Event: 9111.662 GC heap after
{Heap after GC invocations=6320 (full 0):
 garbage-first heap   total 753664K, used 94237K [0x0000000607c00000, 0x0000000800000000)
  region size 4096K, 1 young (4096K), 1 survivors (4096K)
 Metaspace       used 19360K, committed 19584K, reserved 1114112K
  class space    used 1601K, committed 1728K, reserved 1048576K
}
Event: 9114.976 GC heap before
{Heap before GC invocations=6320 (full 0):
 garbage-first heap   total 753664K, used 540701K [0x0000000607c00000, 0x0000000800000000)
  region size 4096K, 110 young (450560K), 1 survivors (4096K)
 Metaspace       used 19360K, committed 19584K, reserved 1114112K
  class space    used 1601K, committed 1728K, reserved 1048576K
}
Event: 9114.978 GC heap after
{Heap after GC invocations=6321 (full 0):
 garbage-first heap   total 753664K, used 94240K [0x0000000607c00000, 0x0000000800000000)
  region size 4096K, 1 young (4096K), 1 survivors (4096K)
 Metaspace       used 19360K, committed 19584K, reserved 1114112K
  class space    used 1601K, committed 1728K, reserved 1048576K
}
Event: 9118.227 GC heap before
{Heap before GC invocations=6321 (full 0):
 garbage-first heap   total 753664K, used 540704K [0x0000000607c00000, 0x0000000800000000)
  region size 4096K, 110 young (450560K), 1 survivors (4096K)
 Metaspace       used 19360K, committed 19584K, reserved 1114112K
  class space    used 1601K, committed 1728K, reserved 1048576K
}
Event: 9118.229 GC heap after
{Heap after GC invocations=6322 (full 0):
 garbage-first heap   total 753664K, used 94239K [0x0000000607c00000, 0x0000000800000000)
  region size 4096K, 1 young (4096K), 1 survivors (4096K)
 Metaspace       used 19360K, committed 19584K, reserved 1114112K
  class space    used 1601K, committed 1728K, reserved 1048576K
}
Event: 9121.689 GC heap before
{Heap before GC invocations=6322 (full 0):
 garbage-first heap   total 753664K, used 540703K [0x0000000607c00000, 0x0000000800000000)
  region size 4096K, 110 young (450560K), 1 survivors (4096K)
 Metaspace       used 19360K, committed 19584K, reserved 1114112K
  class space    used 1601K, committed 1728K, reserved 1048576K
}
Event: 9121.690 GC heap after
{Heap after GC invocations=6323 (full 0):
 garbage-first heap   total 753664K, used 94530K [0x0000000607c00000, 0x0000000800000000)
  region size 4096K, 1 young (4096K), 1 survivors (4096K)
 Metaspace       used 19360K, committed 19584K, reserved 1114112K
  class space    used 1601K, committed 1728K, reserved 1048576K
}
Event: 9124.922 GC heap before
{Heap before GC invocations=6323 (full 0):
 garbage-first heap   total 753664K, used 540994K [0x0000000607c00000, 0x0000000800000000)
  region size 4096K, 110 young (450560K), 1 survivors (4096K)
 Metaspace       used 19360K, committed 19584K, reserved 1114112K
  class space    used 1601K, committed 1728K, reserved 1048576K
}
Event: 9124.923 GC heap after
{Heap after GC invocations=6324 (full 0):
 garbage-first heap   total 753664K, used 94644K [0x0000000607c00000, 0x0000000800000000)
  region size 4096K, 1 young (4096K), 1 survivors (4096K)
 Metaspace       used 19360K, committed 19584K, reserved 1114112K
  class space    used 1601K, committed 1728K, reserved 1048576K
}
Event: 9127.919 GC heap before
{Heap before GC invocations=6324 (full 0):
 garbage-first heap   total 753664K, used 541108K [0x0000000607c00000, 0x0000000800000000)
  region size 4096K, 110 young (450560K), 1 survivors (4096K)
 Metaspace       used 19360K, committed 19584K, reserved 1114112K
  class space    used 1601K, committed 1728K, reserved 1048576K
}
Event: 9127.920 GC heap after
{Heap after GC invocations=6325 (full 0):
 garbage-first heap   total 753664K, used 94240K [0x0000000607c00000, 0x0000000800000000)
  region size 4096K, 1 young (4096K), 1 survivors (4096K)
 Metaspace       used 19360K, committed 19584K, reserved 1114112K
  class space    used 1601K, committed 1728K, reserved 1048576K
}
Event: 9131.077 GC heap before
{Heap before GC invocations=6325 (full 0):
 garbage-first heap   total 753664K, used 540704K [0x0000000607c00000, 0x0000000800000000)
  region size 4096K, 110 young (450560K), 1 survivors (4096K)
 Metaspace       used 19360K, committed 19584K, reserved 1114112K
  class space    used 1601K, committed 1728K, reserved 1048576K
}
Event: 9131.079 GC heap after
{Heap after GC invocations=6326 (full 0):
 garbage-first heap   total 753664K, used 94242K [0x0000000607c00000, 0x0000000800000000)
  region size 4096K, 1 young (4096K), 1 survivors (4096K)
 Metaspace       used 19360K, committed 19584K, reserved 1114112K
  class space    used 1601K, committed 1728K, reserved 1048576K
}
Event: 9134.456 GC heap before
{Heap before GC invocations=6326 (full 0):
 garbage-first heap   total 753664K, used 540706K [0x0000000607c00000, 0x0000000800000000)
  region size 4096K, 110 young (450560K), 1 survivors (4096K)
 Metaspace       used 19360K, committed 19584K, reserved 1114112K
  class space    used 1601K, committed 1728K, reserved 1048576K
}
Event: 9134.458 GC heap after
{Heap after GC invocations=6327 (full 0):
 garbage-first heap   total 753664K, used 94228K [0x0000000607c00000, 0x0000000800000000)
  region size 4096K, 1 young (4096K), 1 survivors (4096K)
 Metaspace       used 19360K, committed 19584K, reserved 1114112K
  class space    used 1601K, committed 1728K, reserved 1048576K
}
Event: 9137.743 GC heap before
{Heap before GC invocations=6327 (full 0):
 garbage-first heap   total 753664K, used 581652K [0x0000000607c00000, 0x0000000800000000)
  region size 4096K, 110 young (450560K), 1 survivors (4096K)
 Metaspace       used 19368K, committed 19584K, reserved 1114112K
  class space    used 1602K, committed 1728K, reserved 1048576K
}
Event: 9137.745 GC heap after
{Heap after GC invocations=6328 (full 0):
 garbage-first heap   total 753664K, used 110858K [0x0000000607c00000, 0x0000000800000000)
  region size 4096K, 1 young (4096K), 1 survivors (4096K)
 Metaspace       used 19368K, committed 19584K, reserved 1114112K
  class space    used 1602K, committed 1728K, reserved 1048576K
}

