# JRE version: OpenJDK Runtime Environment Temurin-17.0.8.1+1 (17.0.8.1+1) (build 17.0.8.1+1)
# Java VM: OpenJDK 64-Bit Server VM Temurin-17.0.8.1+1 (17.0.8.1+1, mixed mode, sharing, tiered, compressed oops, compressed class ptrs, g1 gc, windows-amd64)
GC Precious Log:
 CPUs: 22 total, 22 available
 Memory: 32265M
 Large Page Support: Disabled
 NUMA Support: Disabled
 Compressed Oops: Enabled (Zero based)
 Heap Region Size: 4M
 Heap Min Capacity: 8M
 Heap Initial Capacity: 508M
 Heap Max Capacity: 8068M
 Pre-touch: Disabled
 Parallel Workers: 16
 Concurrent Workers: 4
 Concurrent Refinement Workers: 16
 Periodic GC: Disabled
Heap:
 garbage-first heap   total 520192K, used 111573K [0x0000000607c00000, 0x0000000800000000)
  region size 4096K, 8 young (32768K), 1 survivors (4096K)
 Metaspace       used 19340K, committed 19584K, reserved 1114112K
  class space    used 1600K, committed 1728K, reserved 1048576K
GC Heap History (20 events):
Event: 1122.098 GC heap before
{Heap before GC invocations=703 (full 0):
 garbage-first heap   total 520192K, used 394332K [0x0000000607c00000, 0x0000000800000000)
  region size 4096K, 76 young (311296K), 1 survivors (4096K)
 Metaspace       used 19339K, committed 19584K, reserved 1114112K
  class space    used 1600K, committed 1728K, reserved 1048576K
}
Event: 1122.104 GC heap after
{Heap after GC invocations=704 (full 0):
 garbage-first heap   total 520192K, used 88313K [0x0000000607c00000, 0x0000000800000000)
  region size 4096K, 1 young (4096K), 1 survivors (4096K)
 Metaspace       used 19339K, committed 19584K, reserved 1114112K
  class space    used 1600K, committed 1728K, reserved 1048576K
}
Event: 1122.923 GC heap before
{Heap before GC invocations=704 (full 0):
 garbage-first heap   total 520192K, used 395513K [0x0000000607c00000, 0x0000000800000000)
  region size 4096K, 76 young (311296K), 1 survivors (4096K)
 Metaspace       used 19339K, committed 19584K, reserved 1114112K
  class space    used 1600K, committed 1728K, reserved 1048576K
}
Event: 1122.925 GC heap after
{Heap after GC invocations=705 (full 0):
 garbage-first heap   total 520192K, used 86744K [0x0000000607c00000, 0x0000000800000000)
  region size 4096K, 1 young (4096K), 1 survivors (4096K)
 Metaspace       used 19339K, committed 19584K, reserved 1114112K
  class space    used 1600K, committed 1728K, reserved 1048576K
}
Event: 1123.717 GC heap before
{Heap before GC invocations=705 (full 0):
 garbage-first heap   total 520192K, used 393944K [0x0000000607c00000, 0x0000000800000000)
  region size 4096K, 76 young (311296K), 1 survivors (4096K)
 Metaspace       used 19339K, committed 19584K, reserved 1114112K
  class space    used 1600K, committed 1728K, reserved 1048576K
}
Event: 1123.720 GC heap after
{Heap after GC invocations=706 (full 0):
 garbage-first heap   total 520192K, used 89005K [0x0000000607c00000, 0x0000000800000000)
  region size 4096K, 2 young (8192K), 2 survivors (8192K)
 Metaspace       used 19339K, committed 19584K, reserved 1114112K
  class space    used 1600K, committed 1728K, reserved 1048576K
}
Event: 1124.484 GC heap before
{Heap before GC invocations=706 (full 0):
 garbage-first heap   total 520192K, used 392109K [0x0000000607c00000, 0x0000000800000000)
  region size 4096K, 76 young (311296K), 2 survivors (8192K)
 Metaspace       used 19339K, committed 19584K, reserved 1114112K
  class space    used 1600K, committed 1728K, reserved 1048576K
}
Event: 1124.486 GC heap after
{Heap after GC invocations=707 (full 0):
 garbage-first heap   total 520192K, used 85800K [0x0000000607c00000, 0x0000000800000000)
  region size 4096K, 1 young (4096K), 1 survivors (4096K)
 Metaspace       used 19339K, committed 19584K, reserved 1114112K
  class space    used 1600K, committed 1728K, reserved 1048576K
}
Event: 1125.311 GC heap before
{Heap before GC invocations=707 (full 0):
 garbage-first heap   total 520192K, used 393000K [0x0000000607c00000, 0x0000000800000000)
  region size 4096K, 76 young (311296K), 1 survivors (4096K)
 Metaspace       used 19339K, committed 19584K, reserved 1114112K
  class space    used 1600K, committed 1728K, reserved 1048576K
}
Event: 1125.315 GC heap after
{Heap after GC invocations=708 (full 0):
 garbage-first heap   total 520192K, used 87064K [0x0000000607c00000, 0x0000000800000000)
  region size 4096K, 1 young (4096K), 1 survivors (4096K)
 Metaspace       used 19339K, committed 19584K, reserved 1114112K
  class space    used 1600K, committed 1728K, reserved 1048576K
}
Event: 1126.194 GC heap before
{Heap before GC invocations=708 (full 0):
 garbage-first heap   total 520192K, used 394264K [0x0000000607c00000, 0x0000000800000000)
  region size 4096K, 76 young (311296K), 1 survivors (4096K)
 Metaspace       used 19339K, committed 19584K, reserved 1114112K
  class space    used 1600K, committed 1728K, reserved 1048576K
}
Event: 1126.197 GC heap after
{Heap after GC invocations=709 (full 0):
 garbage-first heap   total 520192K, used 88137K [0x0000000607c00000, 0x0000000800000000)
  region size 4096K, 1 young (4096K), 1 survivors (4096K)
 Metaspace       used 19339K, committed 19584K, reserved 1114112K
  class space    used 1600K, committed 1728K, reserved 1048576K
}
Event: 1127.009 GC heap before
{Heap before GC invocations=709 (full 0):
 garbage-first heap   total 520192K, used 395337K [0x0000000607c00000, 0x0000000800000000)
  region size 4096K, 76 young (311296K), 1 survivors (4096K)
 Metaspace       used 19339K, committed 19584K, reserved 1114112K
  class space    used 1600K, committed 1728K, reserved 1048576K
}
Event: 1127.011 GC heap after
{Heap after GC invocations=710 (full 0):
 garbage-first heap   total 520192K, used 86799K [0x0000000607c00000, 0x0000000800000000)
  region size 4096K, 1 young (4096K), 1 survivors (4096K)
 Metaspace       used 19339K, committed 19584K, reserved 1114112K
  class space    used 1600K, committed 1728K, reserved 1048576K
}
Event: 1127.817 GC heap before
{Heap before GC invocations=710 (full 0):
 garbage-first heap   total 520192K, used 393999K [0x0000000607c00000, 0x0000000800000000)
  region size 4096K, 76 young (311296K), 1 survivors (4096K)
 Metaspace       used 19339K, committed 19584K, reserved 1114112K
  class space    used 1600K, committed 1728K, reserved 1048576K
}
Event: 1127.820 GC heap after
{Heap after GC invocations=711 (full 0):
 garbage-first heap   total 520192K, used 88817K [0x0000000607c00000, 0x0000000800000000)
  region size 4096K, 1 young (4096K), 1 survivors (4096K)
 Metaspace       used 19339K, committed 19584K, reserved 1114112K
  class space    used 1600K, committed 1728K, reserved 1048576K
}
Event: 1128.624 GC heap before
{Heap before GC invocations=711 (full 0):
 garbage-first heap   total 520192K, used 396017K [0x0000000607c00000, 0x0000000800000000)
  region size 4096K, 76 young (311296K), 1 survivors (4096K)
 Metaspace       used 19339K, committed 19584K, reserved 1114112K
  class space    used 1600K, committed 1728K, reserved 1048576K
}
Event: 1128.626 GC heap after
{Heap after GC invocations=712 (full 0):
 garbage-first heap   total 520192K, used 87476K [0x0000000607c00000, 0x0000000800000000)
  region size 4096K, 1 young (4096K), 1 survivors (4096K)
 Metaspace       used 19339K, committed 19584K, reserved 1114112K
  class space    used 1600K, committed 1728K, reserved 1048576K
}
Event: 1129.437 GC heap before
{Heap before GC invocations=712 (full 0):
 garbage-first heap   total 520192K, used 394676K [0x0000000607c00000, 0x0000000800000000)
  region size 4096K, 76 young (311296K), 1 survivors (4096K)
 Metaspace       used 19340K, committed 19584K, reserved 1114112K
  class space    used 1600K, committed 1728K, reserved 1048576K
}
Event: 1129.439 GC heap after
{Heap after GC invocations=713 (full 0):
 garbage-first heap   total 520192K, used 86997K [0x0000000607c00000, 0x0000000800000000)
  region size 4096K, 1 young (4096K), 1 survivors (4096K)
 Metaspace       used 19340K, committed 19584K, reserved 1114112K
  class space    used 1600K, committed 1728K, reserved 1048576K
}

